# JRE version: OpenJDK Runtime Environment Temurin-17.0.5+8 (17.0.5+8) (build 17.0.5+8)
# Java VM: OpenJDK 64-Bit Server VM Temurin-17.0.5+8 (17.0.5+8, mixed mode, tiered, compressed oops, compressed class ptrs, parallel gc, windows-amd64)
GC Precious Log:
 CPUs: 12 total, 12 available
 Memory: 16227M
 Large Page Support: Disabled
 NUMA Support: Disabled
 Compressed Oops: Enabled (32-bit)
 Alignments: Space 512K, Generation 512K, Heap 2M
 Heap Min Capacity: 100M
 Heap Initial Capacity: 100M
 Heap Max Capacity: 1G
 Pre-touch: Disabled
 Parallel Workers: 10
Heap:
 PSYoungGen      total 6656K, used 6567K [0x00000000eab00000, 0x00000000eb580000, 0x0000000100000000)
  eden space 5632K, 98% used [0x00000000eab00000,0x00000000eb06ddc0,0x00000000eb080000)
  from space 1024K, 98% used [0x00000000eb380000,0x00000000eb47c010,0x00000000eb480000)
  to   space 2560K, 35% used [0x00000000eb080000,0x00000000eb1621f0,0x00000000eb300000)
 ParOldGen       total 266240K, used 233161K [0x00000000c0000000, 0x00000000d0400000, 0x00000000eab00000)
  object space 266240K, 87% used [0x00000000c0000000,0x00000000ce3b2708,0x00000000d0400000)
 Metaspace       used 88535K, committed 89664K, reserved 1130496K
  class space    used 8791K, committed 9344K, reserved 1048576K
GC Heap History (20 events):
Event: 24860.572 GC heap after
{Heap after GC invocations=5214 (full 83):
 PSYoungGen      total 7168K, used 912K [0x00000000eab00000, 0x00000000eb580000, 0x0000000100000000)
  eden space 5632K, 0% used [0x00000000eab00000,0x00000000eab00000,0x00000000eb080000)
  from space 1536K, 59% used [0x00000000eb300000,0x00000000eb3e4010,0x00000000eb480000)
  to   space 1024K, 0% used [0x00000000eb480000,0x00000000eb480000,0x00000000eb580000)
 ParOldGen       total 263680K, used 254184K [0x00000000c0000000, 0x00000000d0180000, 0x00000000eab00000)
  object space 263680K, 96% used [0x00000000c0000000,0x00000000cf83a1a0,0x00000000d0180000)
 Metaspace       used 88534K, committed 89664K, reserved 1130496K
  class space    used 8791K, committed 9344K, reserved 1048576K
}
Event: 24861.488 GC heap before
{Heap before GC invocations=5215 (full 83):
 PSYoungGen      total 7168K, used 4462K [0x00000000eab00000, 0x00000000eb580000, 0x0000000100000000)
  eden space 5632K, 63% used [0x00000000eab00000,0x00000000eae77ab8,0x00000000eb080000)
  from space 1536K, 59% used [0x00000000eb300000,0x00000000eb3e4010,0x00000000eb480000)
  to   space 1024K, 0% used [0x00000000eb480000,0x00000000eb480000,0x00000000eb580000)
 ParOldGen       total 263680K, used 254184K [0x00000000c0000000, 0x00000000d0180000, 0x00000000eab00000)
  object space 263680K, 96% used [0x00000000c0000000,0x00000000cf83a1a0,0x00000000d0180000)
 Metaspace       used 88534K, committed 89664K, reserved 1130496K
  class space    used 8791K, committed 9344K, reserved 1048576K
}
Event: 24861.489 GC heap after
{Heap after GC invocations=5215 (full 83):
 PSYoungGen      total 6656K, used 800K [0x00000000eab00000, 0x00000000eb580000, 0x0000000100000000)
  eden space 5632K, 0% used [0x00000000eab00000,0x00000000eab00000,0x00000000eb080000)
  from space 1024K, 78% used [0x00000000eb480000,0x00000000eb548000,0x00000000eb580000)
  to   space 1024K, 0% used [0x00000000eb380000,0x00000000eb380000,0x00000000eb480000)
 ParOldGen       total 263680K, used 254930K [0x00000000c0000000, 0x00000000d0180000, 0x00000000eab00000)
  object space 263680K, 96% used [0x00000000c0000000,0x00000000cf8f4ae0,0x00000000d0180000)
 Metaspace       used 88534K, committed 89664K, reserved 1130496K
  class space    used 8791K, committed 9344K, reserved 1048576K
}
Event: 24861.492 GC heap before
{Heap before GC invocations=5216 (full 83):
 PSYoungGen      total 6656K, used 4186K [0x00000000eab00000, 0x00000000eb580000, 0x0000000100000000)
  eden space 5632K, 60% used [0x00000000eab00000,0x00000000eae4e800,0x00000000eb080000)
  from space 1024K, 78% used [0x00000000eb480000,0x00000000eb548000,0x00000000eb580000)
  to   space 1024K, 0% used [0x00000000eb380000,0x00000000eb380000,0x00000000eb480000)
 ParOldGen       total 263680K, used 254930K [0x00000000c0000000, 0x00000000d0180000, 0x00000000eab00000)
  object space 263680K, 96% used [0x00000000c0000000,0x00000000cf8f4ae0,0x00000000d0180000)
 Metaspace       used 88534K, committed 89664K, reserved 1130496K
  class space    used 8791K, committed 9344K, reserved 1048576K
}
Event: 24861.493 GC heap after
{Heap after GC invocations=5216 (full 83):
 PSYoungGen      total 6144K, used 456K [0x00000000eab00000, 0x00000000eb500000, 0x0000000100000000)
  eden space 5632K, 0% used [0x00000000eab00000,0x00000000eab00000,0x00000000eb080000)
  from space 512K, 89% used [0x00000000eb380000,0x00000000eb3f21f0,0x00000000eb400000)
  to   space 1024K, 0% used [0x00000000eb400000,0x00000000eb400000,0x00000000eb500000)
 ParOldGen       total 263680K, used 255567K [0x00000000c0000000, 0x00000000d0180000, 0x00000000eab00000)
  object space 263680K, 96% used [0x00000000c0000000,0x00000000cf993f80,0x00000000d0180000)
 Metaspace       used 88534K, committed 89664K, reserved 1130496K
  class space    used 8791K, committed 9344K, reserved 1048576K
}
Event: 24861.498 GC heap before
{Heap before GC invocations=5217 (full 83):
 PSYoungGen      total 6144K, used 5937K [0x00000000eab00000, 0x00000000eb500000, 0x0000000100000000)
  eden space 5632K, 97% used [0x00000000eab00000,0x00000000eb05a2b8,0x00000000eb080000)
  from space 512K, 89% used [0x00000000eb380000,0x00000000eb3f21f0,0x00000000eb400000)
  to   space 1024K, 0% used [0x00000000eb400000,0x00000000eb400000,0x00000000eb500000)
 ParOldGen       total 263680K, used 255567K [0x00000000c0000000, 0x00000000d0180000, 0x00000000eab00000)
  object space 263680K, 96% used [0x00000000c0000000,0x00000000cf993f80,0x00000000d0180000)
 Metaspace       used 88534K, committed 89664K, reserved 1130496K
  class space    used 8791K, committed 9344K, reserved 1048576K
}
Event: 24861.499 GC heap after
{Heap after GC invocations=5217 (full 83):
 PSYoungGen      total 6144K, used 256K [0x00000000eab00000, 0x00000000eb480000, 0x0000000100000000)
  eden space 5632K, 0% used [0x00000000eab00000,0x00000000eab00000,0x00000000eb080000)
  from space 512K, 50% used [0x00000000eb400000,0x00000000eb440000,0x00000000eb480000)
  to   space 512K, 0% used [0x00000000eb380000,0x00000000eb380000,0x00000000eb400000)
 ParOldGen       total 263680K, used 260468K [0x00000000c0000000, 0x00000000d0180000, 0x00000000eab00000)
  object space 263680K, 98% used [0x00000000c0000000,0x00000000cfe5d160,0x00000000d0180000)
 Metaspace       used 88534K, committed 89664K, reserved 1130496K
  class space    used 8791K, committed 9344K, reserved 1048576K
}
Event: 24861.499 GC heap before
{Heap before GC invocations=5218 (full 84):
 PSYoungGen      total 6144K, used 256K [0x00000000eab00000, 0x00000000eb480000, 0x0000000100000000)
  eden space 5632K, 0% used [0x00000000eab00000,0x00000000eab00000,0x00000000eb080000)
  from space 512K, 50% used [0x00000000eb400000,0x00000000eb440000,0x00000000eb480000)
  to   space 512K, 0% used [0x00000000eb380000,0x00000000eb380000,0x00000000eb400000)
 ParOldGen       total 263680K, used 260468K [0x00000000c0000000, 0x00000000d0180000, 0x00000000eab00000)
  object space 263680K, 98% used [0x00000000c0000000,0x00000000cfe5d160,0x00000000d0180000)
 Metaspace       used 88534K, committed 89664K, reserved 1130496K
  class space    used 8791K, committed 9344K, reserved 1048576K
}
Event: 24861.566 GC heap after
{Heap after GC invocations=5218 (full 84):
 PSYoungGen      total 6144K, used 0K [0x00000000eab00000, 0x00000000eb480000, 0x0000000100000000)
  eden space 5632K, 0% used [0x00000000eab00000,0x00000000eab00000,0x00000000eb080000)
  from space 512K, 0% used [0x00000000eb380000,0x00000000eb380000,0x00000000eb400000)
  to   space 512K, 0% used [0x00000000eb400000,0x00000000eb400000,0x00000000eb480000)
 ParOldGen       total 266240K, used 230002K [0x00000000c0000000, 0x00000000d0400000, 0x00000000eab00000)
  object space 266240K, 86% used [0x00000000c0000000,0x00000000ce09cb28,0x00000000d0400000)
 Metaspace       used 88534K, committed 89664K, reserved 1130496K
  class space    used 8791K, committed 9344K, reserved 1048576K
}
Event: 24861.572 GC heap before
{Heap before GC invocations=5219 (full 84):
 PSYoungGen      total 6144K, used 3607K [0x00000000eab00000, 0x00000000eb480000, 0x0000000100000000)
  eden space 5632K, 64% used [0x00000000eab00000,0x00000000eae85fd8,0x00000000eb080000)
  from space 512K, 0% used [0x00000000eb380000,0x00000000eb380000,0x00000000eb400000)
  to   space 512K, 0% used [0x00000000eb400000,0x00000000eb400000,0x00000000eb480000)
 ParOldGen       total 266240K, used 230002K [0x00000000c0000000, 0x00000000d0400000, 0x00000000eab00000)
  object space 266240K, 86% used [0x00000000c0000000,0x00000000ce09cb28,0x00000000d0400000)
 Metaspace       used 88534K, committed 89664K, reserved 1130496K
  class space    used 8791K, committed 9344K, reserved 1048576K
}
Event: 24861.572 GC heap after
{Heap after GC invocations=5219 (full 84):
 PSYoungGen      total 6144K, used 288K [0x00000000eab00000, 0x00000000eb480000, 0x0000000100000000)
  eden space 5632K, 0% used [0x00000000eab00000,0x00000000eab00000,0x00000000eb080000)
  from space 512K, 56% used [0x00000000eb400000,0x00000000eb448000,0x00000000eb480000)
  to   space 512K, 0% used [0x00000000eb380000,0x00000000eb380000,0x00000000eb400000)
 ParOldGen       total 266240K, used 230002K [0x00000000c0000000, 0x00000000d0400000, 0x00000000eab00000)
  object space 266240K, 86% used [0x00000000c0000000,0x00000000ce09cb28,0x00000000d0400000)
 Metaspace       used 88534K, committed 89664K, reserved 1130496K
  class space    used 8791K, committed 9344K, reserved 1048576K
}
Event: 24862.138 GC heap before
{Heap before GC invocations=5220 (full 84):
 PSYoungGen      total 6144K, used 5919K [0x00000000eab00000, 0x00000000eb480000, 0x0000000100000000)
  eden space 5632K, 99% used [0x00000000eab00000,0x00000000eb07ffe8,0x00000000eb080000)
  from space 512K, 56% used [0x00000000eb400000,0x00000000eb448000,0x00000000eb480000)
  to   space 512K, 0% used [0x00000000eb380000,0x00000000eb380000,0x00000000eb400000)
 ParOldGen       total 266240K, used 230002K [0x00000000c0000000, 0x00000000d0400000, 0x00000000eab00000)
  object space 266240K, 86% used [0x00000000c0000000,0x00000000ce09cb28,0x00000000d0400000)
 Metaspace       used 88534K, committed 89664K, reserved 1130496K
  class space    used 8791K, committed 9344K, reserved 1048576K
}
Event: 24862.139 GC heap after
{Heap after GC invocations=5220 (full 84):
 PSYoungGen      total 6144K, used 464K [0x00000000eab00000, 0x00000000eb480000, 0x0000000100000000)
  eden space 5632K, 0% used [0x00000000eab00000,0x00000000eab00000,0x00000000eb080000)
  from space 512K, 90% used [0x00000000eb380000,0x00000000eb3f4010,0x00000000eb400000)
  to   space 512K, 0% used [0x00000000eb400000,0x00000000eb400000,0x00000000eb480000)
 ParOldGen       total 266240K, used 230042K [0x00000000c0000000, 0x00000000d0400000, 0x00000000eab00000)
  object space 266240K, 86% used [0x00000000c0000000,0x00000000ce0a6b28,0x00000000d0400000)
 Metaspace       used 88534K, committed 89664K, reserved 1130496K
  class space    used 8791K, committed 9344K, reserved 1048576K
}
Event: 24862.832 GC heap before
{Heap before GC invocations=5221 (full 84):
 PSYoungGen      total 6144K, used 6096K [0x00000000eab00000, 0x00000000eb480000, 0x0000000100000000)
  eden space 5632K, 100% used [0x00000000eab00000,0x00000000eb080000,0x00000000eb080000)
  from space 512K, 90% used [0x00000000eb380000,0x00000000eb3f4010,0x00000000eb400000)
  to   space 512K, 0% used [0x00000000eb400000,0x00000000eb400000,0x00000000eb480000)
 ParOldGen       total 266240K, used 230042K [0x00000000c0000000, 0x00000000d0400000, 0x00000000eab00000)
  object space 266240K, 86% used [0x00000000c0000000,0x00000000ce0a6b28,0x00000000d0400000)
 Metaspace       used 88535K, committed 89664K, reserved 1130496K
  class space    used 8791K, committed 9344K, reserved 1048576K
}
Event: 24862.833 GC heap after
{Heap after GC invocations=5221 (full 84):
 PSYoungGen      total 6144K, used 512K [0x00000000eab00000, 0x00000000eb480000, 0x0000000100000000)
  eden space 5632K, 0% used [0x00000000eab00000,0x00000000eab00000,0x00000000eb080000)
  from space 512K, 100% used [0x00000000eb400000,0x00000000eb480000,0x00000000eb480000)
  to   space 1536K, 0% used [0x00000000eb180000,0x00000000eb180000,0x00000000eb300000)
 ParOldGen       total 266240K, used 230687K [0x00000000c0000000, 0x00000000d0400000, 0x00000000eab00000)
  object space 266240K, 86% used [0x00000000c0000000,0x00000000ce147ff8,0x00000000d0400000)
 Metaspace       used 88535K, committed 89664K, reserved 1130496K
  class space    used 8791K, committed 9344K, reserved 1048576K
}
Event: 24863.440 GC heap before
{Heap before GC invocations=5222 (full 84):
 PSYoungGen      total 6144K, used 6144K [0x00000000eab00000, 0x00000000eb480000, 0x0000000100000000)
  eden space 5632K, 100% used [0x00000000eab00000,0x00000000eb080000,0x00000000eb080000)
  from space 512K, 100% used [0x00000000eb400000,0x00000000eb480000,0x00000000eb480000)
  to   space 1536K, 0% used [0x00000000eb180000,0x00000000eb180000,0x00000000eb300000)
 ParOldGen       total 266240K, used 230687K [0x00000000c0000000, 0x00000000d0400000, 0x00000000eab00000)
  object space 266240K, 86% used [0x00000000c0000000,0x00000000ce147ff8,0x00000000d0400000)
 Metaspace       used 88535K, committed 89664K, reserved 1130496K
  class space    used 8791K, committed 9344K, reserved 1048576K
}
Event: 24863.442 GC heap after
{Heap after GC invocations=5222 (full 84):
 PSYoungGen      total 7168K, used 864K [0x00000000eab00000, 0x00000000eb480000, 0x0000000100000000)
  eden space 5632K, 0% used [0x00000000eab00000,0x00000000eab00000,0x00000000eb080000)
  from space 1536K, 56% used [0x00000000eb180000,0x00000000eb258020,0x00000000eb300000)
  to   space 1024K, 0% used [0x00000000eb380000,0x00000000eb380000,0x00000000eb480000)
 ParOldGen       total 266240K, used 231221K [0x00000000c0000000, 0x00000000d0400000, 0x00000000eab00000)
  object space 266240K, 86% used [0x00000000c0000000,0x00000000ce1cd488,0x00000000d0400000)
 Metaspace       used 88535K, committed 89664K, reserved 1130496K
  class space    used 8791K, committed 9344K, reserved 1048576K
}
Event: 24863.558 GC heap before
{Heap before GC invocations=5223 (full 84):
 PSYoungGen      total 7168K, used 6496K [0x00000000eab00000, 0x00000000eb480000, 0x0000000100000000)
  eden space 5632K, 100% used [0x00000000eab00000,0x00000000eb080000,0x00000000eb080000)
  from space 1536K, 56% used [0x00000000eb180000,0x00000000eb258020,0x00000000eb300000)
  to   space 1024K, 0% used [0x00000000eb380000,0x00000000eb380000,0x00000000eb480000)
 ParOldGen       total 266240K, used 231221K [0x00000000c0000000, 0x00000000d0400000, 0x00000000eab00000)
  object space 266240K, 86% used [0x00000000c0000000,0x00000000ce1cd488,0x00000000d0400000)
 Metaspace       used 88535K, committed 89664K, reserved 1130496K
  class space    used 8791K, committed 9344K, reserved 1048576K
}
Event: 24863.560 GC heap after
{Heap after GC invocations=5223 (full 84):
 PSYoungGen      total 6656K, used 1008K [0x00000000eab00000, 0x00000000eb580000, 0x0000000100000000)
  eden space 5632K, 0% used [0x00000000eab00000,0x00000000eab00000,0x00000000eb080000)
  from space 1024K, 98% used [0x00000000eb380000,0x00000000eb47c010,0x00000000eb480000)
  to   space 2560K, 0% used [0x00000000eb080000,0x00000000eb080000,0x00000000eb300000)
 ParOldGen       total 266240K, used 232159K [0x00000000c0000000, 0x00000000d0400000, 0x00000000eab00000)
  object space 266240K, 87% used [0x00000000c0000000,0x00000000ce2b7de8,0x00000000d0400000)
 Metaspace       used 88535K, committed 89664K, reserved 1130496K
  class space    used 8791K, committed 9344K, reserved 1048576K
}
Event: 24864.443 GC heap before
{Heap before GC invocations=5224 (full 84):
 PSYoungGen      total 6656K, used 6567K [0x00000000eab00000, 0x00000000eb580000, 0x0000000100000000)
  eden space 5632K, 98% used [0x00000000eab00000,0x00000000eb06ddc0,0x00000000eb080000)
  from space 1024K, 98% used [0x00000000eb380000,0x00000000eb47c010,0x00000000eb480000)
  to   space 2560K, 0% used [0x00000000eb080000,0x00000000eb080000,0x00000000eb300000)
 ParOldGen       total 266240K, used 232159K [0x00000000c0000000, 0x00000000d0400000, 0x00000000eab00000)
  object space 266240K, 87% used [0x00000000c0000000,0x00000000ce2b7de8,0x00000000d0400000)
 Metaspace       used 88535K, committed 89664K, reserved 1130496K
  class space    used 8791K, committed 9344K, reserved 1048576K
}

